<?xml version="1.0" encoding="UTF-8"?>
<!-- Generated by org.testng.reporters.JUnitReportReporter -->
<testsuite hostname="DESKTOP-B51RBUN" failures="0" tests="1" name="cucumber.TestNGTestRunner" time="4.559" errors="0" timestamp="10 May 2024 08:23:35 GMT" skipped="0">
  <testcase classname="cucumber.TestNGTestRunner" name="runScenario" time="4.559"/>
</testsuite> <!-- cucumber.TestNGTestRunner -->
